<?xml version="1.0" encoding="utf-8"?><testsuites name="pytest tests"><testsuite name="pytest" errors="0" failures="0" skipped="0" tests="5" time="1.124" timestamp="2026-06-20T08:28:35.864167+00:00" hostname="agent-env-774bdacb-ebab-4813-bb38-4867c8dccb93"><testcase classname="backend.tests.backend_test.TestRoot" name="test_root" time="0.254" /><testcase classname="backend.tests.backend_test.TestRoot" name="test_health" time="0.047" /><testcase classname="backend.tests.backend_test.TestSessions" name="test_stats_initial" time="0.053" /><testcase classname="backend.tests.backend_test.TestSessions" name="test_create_session_and_persist" time="0.211" /><testcase classname="backend.tests.backend_test.TestSessions" name="test_create_session_validation" time="0.050" /></testsuite></testsuites>